<?xml version="1.0" encoding="UTF-8"?>
<robot generator="Robot 7.0 (Python 3.12.2 on win32)" generated="2024-04-24T10:14:11.515587" rpa="false" schemaversion="5">
<suite id="s1" name="Amazon Testes" source="C:\Users\iasmi\OneDrive\Documentos\Projetos\EstudosRobotFramework\TestesAmazon\amazon_testes.robot">
<test id="s1-t1" name="Caso de Teste 01 - Acesso ao Menu &quot;Eletrônicos&quot;" line="10">
<kw name="Abrir o navegador" owner="amazon_resources" type="SETUP">
<kw name="Open Browser" owner="SeleniumLibrary">
<msg time="2024-04-24T10:14:11.716947" level="INFO">Opening browser 'chrome' to base url 'None'.</msg>
<arg>browser=chrome</arg>
<doc>Opens a new browser instance to the optional ``url``.</doc>
<status status="PASS" start="2024-04-24T10:14:11.716947" elapsed="1.460570"/>
</kw>
<kw name="Maximize Browser Window" owner="SeleniumLibrary">
<doc>Maximizes current browser window.</doc>
<status status="PASS" start="2024-04-24T10:14:13.178514" elapsed="0.026306"/>
</kw>
<status status="PASS" start="2024-04-24T10:14:11.715918" elapsed="1.488902"/>
</kw>
<kw name="Acessar a home page do site Amazon.com.br" owner="amazon_resources">
<kw name="Go To" owner="SeleniumLibrary">
<msg time="2024-04-24T10:14:13.205326" level="INFO">Opening url 'https://www.amazon.com.br/'</msg>
<arg>url=${URL}</arg>
<doc>Navigates the current browser window to the provided ``url``.</doc>
<status status="PASS" start="2024-04-24T10:14:13.205326" elapsed="0.841112"/>
</kw>
<kw name="Wait Until Element Is Visible" owner="SeleniumLibrary">
<msg time="2024-04-24T10:14:16.215072" level="WARN">Keyword 'Capture Page Screenshot' could not be run on failure: Message: no such window: target window already closed
from unknown error: web view not found
  (Session info: chrome=124.0.6367.79)
Stacktrace:
	GetHandleVerifier [0x00007FF60CF01522+60802]
	(No symbol) [0x00007FF60CE7AC22]
	(No symbol) [0x00007FF60CD37CE4]
	(No symbol) [0x00007FF60CD0DFDF]
	(No symbol) [0x00007FF60CDB1E57]
	(No symbol) [0x00007FF60CDC98D1]
	(No symbol) [0x00007FF60CDAA923]
	(No symbol) [0x00007FF60CD78FEC]
	(No symbol) [0x00007FF60CD79C21]
	GetHandleVerifier [0x00007FF60D20413D+3217821]
	GetHandleVerifier [0x00007FF60D2460D7+3488055]
	GetHandleVerifier [0x00007FF60D23F05F+3459263]
	GetHandleVerifier [0x00007FF60CFBB866+823494]
	(No symbol) [0x00007FF60CE85FBF]
	(No symbol) [0x00007FF60CE80EE4]
	(No symbol) [0x00007FF60CE81072]
	(No symbol) [0x00007FF60CE718C4]
	BaseThreadInitThunk [0x00007FFC437F257D+29]
	RtlUserThreadStart [0x00007FFC44D4AA48+40]
</msg>
<msg time="2024-04-24T10:14:16.225689" level="FAIL">NoSuchWindowException: Message: no such window: target window already closed
from unknown error: web view not found
  (Session info: chrome=124.0.6367.79)
Stacktrace:
	GetHandleVerifier [0x00007FF60CF01522+60802]
	(No symbol) [0x00007FF60CE7AC22]
	(No symbol) [0x00007FF60CD37CE4]
	(No symbol) [0x00007FF60CD0DFDF]
	(No symbol) [0x00007FF60CDB1E57]
	(No symbol) [0x00007FF60CDC98D1]
	(No symbol) [0x00007FF60CDAA923]
	(No symbol) [0x00007FF60CD78FEC]
	(No symbol) [0x00007FF60CD79C21]
	GetHandleVerifier [0x00007FF60D20413D+3217821]
	GetHandleVerifier [0x00007FF60D2460D7+3488055]
	GetHandleVerifier [0x00007FF60D23F05F+3459263]
	GetHandleVerifier [0x00007FF60CFBB866+823494]
	(No symbol) [0x00007FF60CE85FBF]
	(No symbol) [0x00007FF60CE80EE4]
	(No symbol) [0x00007FF60CE81072]
	(No symbol) [0x00007FF60CE718C4]
	BaseThreadInitThunk [0x00007FFC437F257D+29]
	RtlUserThreadStart [0x00007FFC44D4AA48+40]
</msg>
<arg>locator=${MENU_ELETRONICOS}</arg>
<doc>Waits until the element ``locator`` is visible.</doc>
<status status="FAIL" start="2024-04-24T10:14:14.046555" elapsed="2.224194">NoSuchWindowException: Message: no such window: target window already closed
from unknown error: web view not found
  (Session info: chrome=124.0.6367.79)
Stacktrace:
	GetHandleVerifier [0x00007FF60CF01522+60802]
	(No symbol) [0x00007FF60CE7AC22]
	(No symbol) [0x00007FF60CD37CE4]
	(No symbol) [0x00007FF60CD0DFDF]
	(No symbol) [0x00007FF60CDB1E57]
	(No symbol) [0x00007FF60CDC98D1]
	(No symbol) [0x00007FF60CDAA923]
	(No symbol) [0x00007FF60CD78FEC]
	(No symbol) [0x00007FF60CD79C21]
	GetHandleVerifier [0x00007FF60D20413D+3217821]
	GetHandleVerifier [0x00007FF60D2460D7+3488055]
	GetHandleVerifier [0x00007FF60D23F05F+3459263]
	GetHandleVerifier [0x00007FF60CFBB866+823494]
	(No symbol) [0x00007FF60CE85FBF]
	(No symbol) [0x00007FF60CE80EE4]
	(No symbol) [0x00007FF60CE81072]
	(No symbol) [0x00007FF60CE718C4]
	BaseThreadInitThunk [0x00007FFC437F257D+29]
	RtlUserThreadStart [0x00007FFC44D4AA48+40]
</status>
</kw>
<status status="FAIL" start="2024-04-24T10:14:13.205326" elapsed="3.066422">NoSuchWindowException: Message: no such window: target window already closed
from unknown error: web view not found
  (Session info: chrome=124.0.6367.79)
Stacktrace:
	GetHandleVerifier [0x00007FF60CF01522+60802]
	(No symbol) [0x00007FF60CE7AC22]
	(No symbol) [0x00007FF60CD37CE4]
	(No symbol) [0x00007FF60CD0DFDF]
	(No symbol) [0x00007FF60CDB1E57]
	(No symbol) [0x00007FF60CDC98D1]
	(No symbol) [0x00007FF60CDAA923]
	(No symbol) [0x00007FF60CD78FEC]
	(No symbol) [0x00007FF60CD79C21]
	GetHandleVerifier [0x00007FF60D20413D+3217821]
	GetHandleVerifier [0x00007FF60D2460D7+3488055]
	GetHandleVerifier [0x00007FF60D23F05F+3459263]
	GetHandleVerifier [0x00007FF60CFBB866+823494]
	(No symbol) [0x00007FF60CE85FBF]
	(No symbol) [0x00007FF60CE80EE4]
	(No symbol) [0x00007FF60CE81072]
	(No symbol) [0x00007FF60CE718C4]
	BaseThreadInitThunk [0x00007FFC437F257D+29]
	RtlUserThreadStart [0x00007FFC44D4AA48+40]
</status>
</kw>
<kw name="Entrar no menu &quot;Eletrônicos&quot;" owner="amazon_resources">
<status status="NOT RUN" start="2024-04-24T10:14:16.272744" elapsed="0.000000"/>
</kw>
<kw name="Verificar se aparece a frase &quot;Eletrônicos e Tecnologia&quot;" owner="amazon_resources" source_name="Verificar se aparece a frase &quot;${FRASE}&quot;">
<status status="NOT RUN" start="2024-04-24T10:14:16.273747" elapsed="0.000992"/>
</kw>
<kw name="Verificar se o título da página fica &quot;Eletrônicos e Tecnologia | Amazon.com.br&quot;" owner="amazon_resources" source_name="Verificar se o título da página fica &quot;${TITULO}&quot;">
<status status="NOT RUN" start="2024-04-24T10:14:16.274739" elapsed="0.000000"/>
</kw>
<kw name="Verificar se aparece a categoria &quot;Computadores e Informática&quot;" owner="amazon_resources" source_name="Verificar se aparece a categoria &quot;${NOME_CATEGORIA}&quot;">
<status status="NOT RUN" start="2024-04-24T10:14:16.276998" elapsed="0.000000"/>
</kw>
<doc>Esse teste verifica o menu de eletrônicos da Amazon.</doc>
<tag>categorias</tag>
<tag>menus</tag>
<status status="FAIL" start="2024-04-24T10:14:11.714516" elapsed="4.563483">NoSuchWindowException: Message: no such window: target window already closed
from unknown error: web view not found
  (Session info: chrome=124.0.6367.79)
Stacktrace:
	GetHandleVerifier [0x00007FF60CF01522+60802]
	(No symbol) [0x00007FF60CE7AC22]
	(No symbol) [0x00007FF60CD37CE4]
	(No symbol) [0x00007FF60CD0DFDF]
	(No symbol) [0x00007FF60CDB1E57]
	(No symbol) [0x00007FF60CDC98D1]
	(No symbol) [0x00007FF60CDAA923]
	(No symbol) [0x00007FF60CD78FEC]
	(No symbol) [0x00007FF60CD79C21]
	GetHandleVerifier [0x00007FF60D20413D+3217821]
	GetHandleVerifier [0x00007FF60D2460D7+3488055]
	GetHandleVerifier [0x00007FF60D23F05F+3459263]
	GetHandleVerifier [0x00007FF60CFBB866+823494]
	(No symbol) [0x00007FF60CE85FBF]
	(No symbol) [0x00007FF60CE80EE4]
	(No symbol) [0x00007FF60CE81072]
	(No symbol) [0x00007FF60CE718C4]
	BaseThreadInitThunk [0x00007FFC437F257D+29]
	RtlUserThreadStart [0x00007FFC44D4AA48+40]
</status>
</test>
<test id="s1-t2" name="Caso de Teste 02 - Pesquisa de Produto" line="19">
<kw name="Abrir o navegador" owner="amazon_resources" type="SETUP">
<kw name="Open Browser" owner="SeleniumLibrary">
<msg time="2024-04-24T10:14:16.281509" level="INFO">Opening browser 'chrome' to base url 'None'.</msg>
<arg>browser=chrome</arg>
<doc>Opens a new browser instance to the optional ``url``.</doc>
<status status="PASS" start="2024-04-24T10:14:16.281509" elapsed="1.126431"/>
</kw>
<kw name="Maximize Browser Window" owner="SeleniumLibrary">
<doc>Maximizes current browser window.</doc>
<status status="PASS" start="2024-04-24T10:14:17.408931" elapsed="0.044522"/>
</kw>
<status status="PASS" start="2024-04-24T10:14:16.281509" elapsed="1.172939"/>
</kw>
<kw name="Acessar a home page do site Amazon.com.br" owner="amazon_resources">
<kw name="Go To" owner="SeleniumLibrary">
<msg time="2024-04-24T10:14:17.456970" level="INFO">Opening url 'https://www.amazon.com.br/'</msg>
<arg>url=${URL}</arg>
<doc>Navigates the current browser window to the provided ``url``.</doc>
<status status="PASS" start="2024-04-24T10:14:17.456970" elapsed="0.286588"/>
</kw>
<kw name="Wait Until Element Is Visible" owner="SeleniumLibrary">
<arg>locator=${MENU_ELETRONICOS}</arg>
<doc>Waits until the element ``locator`` is visible.</doc>
<status status="PASS" start="2024-04-24T10:14:17.743558" elapsed="1.720258"/>
</kw>
<status status="PASS" start="2024-04-24T10:14:17.456970" elapsed="2.006846"/>
</kw>
<kw name="Digitar o nome de produto &quot;Xbox Series S&quot; no campo de pesquisa" owner="amazon_resources" source_name="Digitar o nome de produto &quot;${PRODUTO}&quot; no campo de pesquisa">
<kw name="Input Text" owner="SeleniumLibrary">
<msg time="2024-04-24T10:14:19.464812" level="INFO">Typing text 'Xbox Series S' into text field 'twotabsearchtextbox'.</msg>
<arg>locator=twotabsearchtextbox</arg>
<arg>text=${PRODUTO}</arg>
<doc>Types the given ``text`` into the text field identified by ``locator``.</doc>
<status status="PASS" start="2024-04-24T10:14:19.464812" elapsed="0.162180"/>
</kw>
<status status="PASS" start="2024-04-24T10:14:19.463816" elapsed="0.163176"/>
</kw>
<kw name="Clicar no botão de pesquisa" owner="amazon_resources">
<kw name="Click Element" owner="SeleniumLibrary">
<msg time="2024-04-24T10:14:19.627992" level="INFO">Clicking element 'nav-search-submit-button'.</msg>
<arg>locator=nav-search-submit-button</arg>
<doc>Click the element identified by ``locator``.</doc>
<status status="PASS" start="2024-04-24T10:14:19.627992" elapsed="1.732733"/>
</kw>
<status status="PASS" start="2024-04-24T10:14:19.626992" elapsed="1.733733"/>
</kw>
<doc>esse teste verifica a busca de um produto</doc>
<tag>busca_produtos</tag>
<tag>lista_busca</tag>
<status status="PASS" start="2024-04-24T10:14:16.280503" elapsed="5.080222"/>
</test>
<doc>Suite de teste para o site da Amazon</doc>
<status status="FAIL" start="2024-04-24T10:14:11.516779" elapsed="9.845941"/>
</suite>
<statistics>
<total>
<stat pass="1" fail="1" skip="0">All Tests</stat>
</total>
<tag>
<stat pass="1" fail="0" skip="0">busca_produtos</stat>
<stat pass="0" fail="1" skip="0">categorias</stat>
<stat pass="1" fail="0" skip="0">lista_busca</stat>
<stat pass="0" fail="1" skip="0">menus</stat>
</tag>
<suite>
<stat pass="1" fail="1" skip="0" id="s1" name="Amazon Testes">Amazon Testes</stat>
</suite>
</statistics>
<errors>
<msg time="2024-04-24T10:14:16.215072" level="WARN">Keyword 'Capture Page Screenshot' could not be run on failure: Message: no such window: target window already closed
from unknown error: web view not found
  (Session info: chrome=124.0.6367.79)
Stacktrace:
	GetHandleVerifier [0x00007FF60CF01522+60802]
	(No symbol) [0x00007FF60CE7AC22]
	(No symbol) [0x00007FF60CD37CE4]
	(No symbol) [0x00007FF60CD0DFDF]
	(No symbol) [0x00007FF60CDB1E57]
	(No symbol) [0x00007FF60CDC98D1]
	(No symbol) [0x00007FF60CDAA923]
	(No symbol) [0x00007FF60CD78FEC]
	(No symbol) [0x00007FF60CD79C21]
	GetHandleVerifier [0x00007FF60D20413D+3217821]
	GetHandleVerifier [0x00007FF60D2460D7+3488055]
	GetHandleVerifier [0x00007FF60D23F05F+3459263]
	GetHandleVerifier [0x00007FF60CFBB866+823494]
	(No symbol) [0x00007FF60CE85FBF]
	(No symbol) [0x00007FF60CE80EE4]
	(No symbol) [0x00007FF60CE81072]
	(No symbol) [0x00007FF60CE718C4]
	BaseThreadInitThunk [0x00007FFC437F257D+29]
	RtlUserThreadStart [0x00007FFC44D4AA48+40]
</msg>
</errors>
</robot>
