<?xml version="1.0" encoding="UTF-8"?>
<robot generator="Robot 7.0 (Python 3.12.2 on win32)" generated="2024-04-23T13:09:38.894993" rpa="false" schemaversion="5">
<suite id="s1" name="Falhasprevistas" source="C:\Users\iasmi\OneDrive\Documentos\Projetos\Testes\robot\RobotFrameworkAvancado\falhasprevistas.robot">
<test id="s1-t1" name="Exemplo 01: Teste lidando com falhas previstas" line="3">
<kw name="Essa keyword vai falhar, mas vou ignorar (a suíte irá passar)!">
<kw name="Run Keyword And Ignore Error" owner="BuiltIn">
<kw name="Should Be True" owner="BuiltIn">
<msg time="2024-04-23T13:09:38.924896" level="FAIL">'"May" == "João"' should be true.</msg>
<arg>"May" == "João"</arg>
<doc>Fails if the given condition is not true.</doc>
<status status="FAIL" start="2024-04-23T13:09:38.924896" elapsed="0.001021">'"May" == "João"' should be true.</status>
</kw>
<arg>Should Be True</arg>
<arg>"May" == "João"</arg>
<doc>Runs the given keyword with the given arguments and ignores possible error.</doc>
<status status="PASS" start="2024-04-23T13:09:38.924896" elapsed="0.001021"/>
</kw>
<kw name="Log" owner="BuiltIn">
<msg time="2024-04-23T13:09:38.925917" level="INFO">Continuo a execução!!</msg>
<arg>Continuo a execução!!</arg>
<doc>Logs the given message with the given level.</doc>
<status status="PASS" start="2024-04-23T13:09:38.925917" elapsed="0.000000"/>
</kw>
<status status="PASS" start="2024-04-23T13:09:38.924896" elapsed="0.001021"/>
</kw>
<kw name="Essa keyword encerra a execução da suíte!">
<kw name="Run Keyword If" owner="BuiltIn">
<arg>"${STOP}"=="Para tudo!"</arg>
<arg>Fatal Error</arg>
<arg>msg=Para tudo, não adianta continuar com essa falha aqui!!!</arg>
<doc>Runs the given keyword with the given arguments, if ``condition`` is true.</doc>
<status status="PASS" start="2024-04-23T13:09:38.925917" elapsed="0.001084"/>
</kw>
<arg>Não pare, por favor!</arg>
<status status="PASS" start="2024-04-23T13:09:38.925917" elapsed="0.001084"/>
</kw>
<kw name="Essa keyword vai falhar, mas é uma falha que deve acontecer para meu teste ser considerado OK!">
<kw name="Run Keyword And Expect Error" owner="BuiltIn">
<kw name="Should Be True" owner="BuiltIn">
<msg time="2024-04-23T13:09:38.927001" level="FAIL">'"May" == "João"' should be true.</msg>
<arg>"May" == "João"</arg>
<doc>Fails if the given condition is not true.</doc>
<status status="FAIL" start="2024-04-23T13:09:38.927001" elapsed="0.001025">'"May" == "João"' should be true.</status>
</kw>
<arg>'"May" == "João"' should be true.</arg>
<arg>Should Be True</arg>
<arg>"May" == "João"</arg>
<doc>Runs the keyword and checks that the expected error occurred.</doc>
<status status="PASS" start="2024-04-23T13:09:38.927001" elapsed="0.001025"/>
</kw>
<status status="PASS" start="2024-04-23T13:09:38.927001" elapsed="0.001025"/>
</kw>
<kw name="Essa keyword vai falhar, não vou ignorar (a suíte irá falhar), mas vou continuar a execução!">
<kw name="Run Keyword And Continue On Failure" owner="BuiltIn">
<kw name="Should Be True" owner="BuiltIn">
<msg time="2024-04-23T13:09:38.929022" level="FAIL">'"May" == "João"' should be true.</msg>
<arg>"May" == "João"</arg>
<doc>Fails if the given condition is not true.</doc>
<status status="FAIL" start="2024-04-23T13:09:38.929022" elapsed="0.000000">'"May" == "João"' should be true.</status>
</kw>
<arg>Should Be True</arg>
<arg>"May" == "João"</arg>
<doc>Runs the keyword and continues execution even if a failure occurs.</doc>
<status status="FAIL" start="2024-04-23T13:09:38.928026" elapsed="0.000996">'"May" == "João"' should be true.</status>
</kw>
<kw name="Log" owner="BuiltIn">
<msg time="2024-04-23T13:09:38.929022" level="INFO">Continuo a execução 1!!</msg>
<arg>Continuo a execução 1!!</arg>
<doc>Logs the given message with the given level.</doc>
<status status="PASS" start="2024-04-23T13:09:38.929022" elapsed="0.000000"/>
</kw>
<kw name="Log" owner="BuiltIn">
<msg time="2024-04-23T13:09:38.929022" level="INFO">Continuo a execução 2!!</msg>
<arg>Continuo a execução 2!!</arg>
<doc>Logs the given message with the given level.</doc>
<status status="PASS" start="2024-04-23T13:09:38.929022" elapsed="0.000000"/>
</kw>
<kw name="Log" owner="BuiltIn">
<msg time="2024-04-23T13:09:38.929022" level="INFO">Continuo a execução 3!!</msg>
<arg>Continuo a execução 3!!</arg>
<doc>Logs the given message with the given level.</doc>
<status status="PASS" start="2024-04-23T13:09:38.929022" elapsed="0.000000"/>
</kw>
<status status="FAIL" start="2024-04-23T13:09:38.928026" elapsed="0.000996">'"May" == "João"' should be true.</status>
</kw>
<kw name="Essa keyword encerra a execução da suíte!">
<kw name="Run Keyword If" owner="BuiltIn">
<kw name="Fatal Error" owner="BuiltIn">
<msg time="2024-04-23T13:09:38.930020" level="FAIL">Para tudo, não adianta continuar com essa falha aqui!!!</msg>
<arg>msg=Para tudo, não adianta continuar com essa falha aqui!!!</arg>
<doc>Stops the whole test execution.</doc>
<status status="FAIL" start="2024-04-23T13:09:38.930020" elapsed="0.000000">Para tudo, não adianta continuar com essa falha aqui!!!</status>
</kw>
<arg>"${STOP}"=="Para tudo!"</arg>
<arg>Fatal Error</arg>
<arg>msg=Para tudo, não adianta continuar com essa falha aqui!!!</arg>
<doc>Runs the given keyword with the given arguments, if ``condition`` is true.</doc>
<status status="FAIL" start="2024-04-23T13:09:38.930020" elapsed="0.000000">Para tudo, não adianta continuar com essa falha aqui!!!</status>
</kw>
<arg>Para tudo!</arg>
<status status="FAIL" start="2024-04-23T13:09:38.930020" elapsed="0.000000">Para tudo, não adianta continuar com essa falha aqui!!!</status>
</kw>
<status status="FAIL" start="2024-04-23T13:09:38.923324" elapsed="0.007695">Several failures occurred:

1) '"May" == "João"' should be true.

2) Para tudo, não adianta continuar com essa falha aqui!!!</status>
</test>
<test id="s1-t2" name="Exemplo 02: Teste de continuação da suíte" line="10">
<tag>robot:exit</tag>
<status status="FAIL" start="2024-04-23T13:09:38.932988" elapsed="0.000000">Test execution stopped due to a fatal error.</status>
</test>
<test id="s1-t3" name="Exemplo 03: Teste de continuação da suíte" line="13">
<tag>robot:exit</tag>
<status status="FAIL" start="2024-04-23T13:09:38.934489" elapsed="0.000505">Test execution stopped due to a fatal error.</status>
</test>
<status status="FAIL" start="2024-04-23T13:09:38.897134" elapsed="0.038902"/>
</suite>
<statistics>
<total>
<stat pass="0" fail="3" skip="0">All Tests</stat>
</total>
<tag>
<stat pass="0" fail="1" skip="0" info="combined" combined="NOT robot:exit">NOT robot:exit</stat>
</tag>
<suite>
<stat pass="0" fail="3" skip="0" id="s1" name="Falhasprevistas">Falhasprevistas</stat>
</suite>
</statistics>
<errors>
</errors>
</robot>
